<?xml version="1.0" encoding="UTF-8"?>
<!-- Generated by org.testng.reporters.JUnitReportReporter -->
<testsuite hostname="Sarabdeeps-MBP" failures="0" tests="1" name="Tests.FirstTest" time="14.126" errors="0" timestamp="2023-11-13T18:23:02 CET" skipped="0">
  <testcase classname="Tests.FirstTest" name="verifyLinksOnThePage" time="14.126"/>
</testsuite> <!-- Tests.FirstTest -->
