<?xml version="1.0" encoding="UTF-8"?>
<!-- Generated by org.testng.reporters.JUnitReportReporter -->
<testsuite hostname="Sarabdeeps-MBP" failures="0" tests="4" name="Tests.checkPagesVisit" time="19.309" errors="0" timestamp="2023-11-13T18:50:32 CET" skipped="0">
  <testcase classname="Tests.checkPagesVisit" name="checkEnquiryageVisit" time="3.800"/>
  <testcase classname="Tests.checkPagesVisit" name="checkLensesPageVisit" time="3.798"/>
  <testcase classname="Tests.checkPagesVisit" name="checkPartsOfSpeedoMeterPageVisit" time="5.746"/>
  <testcase classname="Tests.checkPagesVisit" name="checkAboutUsPageVisits" time="5.965"/>
</testsuite> <!-- Tests.checkPagesVisit -->
